{
  "stats": {
    "suites": 1,
    "tests": 1,
    "passes": 1,
    "pending": 0,
    "failures": 0,
    "start": "2021-07-18T13:43:13.866Z",
    "end": "2021-07-18T13:43:19.448Z",
    "duration": 5582,
    "testsRegistered": 1,
    "passPercent": 100,
    "pendingPercent": 0,
    "other": 0,
    "hasOther": false,
    "skipped": 0,
    "hasSkipped": false
  },
  "results": [
    {
      "uuid": "e80e3a20-7dcb-4d2c-9bbf-e20c2a256959",
      "title": "",
      "fullFile": "cypress/integration/examples/TestFramework.js",
      "file": "cypress/integration/examples/TestFramework.js",
      "beforeHooks": [],
      "afterHooks": [],
      "tests": [],
      "suites": [
        {
          "uuid": "32cdb4f9-f98a-4a4d-9110-3b31dcf4ffe2",
          "title": "My Second Test Suite",
          "fullFile": "",
          "file": "",
          "beforeHooks": [],
          "afterHooks": [],
          "tests": [
            {
              "title": "My FirstTest case",
              "fullTitle": "My Second Test Suite My FirstTest case",
              "timedOut": null,
              "duration": 2757,
              "state": "passed",
              "speed": "slow",
              "pass": true,
              "fail": false,
              "pending": false,
              "context": null,
              "code": "const homePage = new _HomePage.default();\nconst productPage = new _ProductPage.default();\ncy.visit(Cypress.env('url'));\nhomePage.getEditBox().type(this.data.name);\nhomePage.getGender().select(this.data.gender);\nhomePage.getTwoWayDataBinding().should('have.value', this.data.name);\nhomePage.getEditBox().should('have.attr', 'minlength', '2');\nhomePage.getEnterpreneaur().should('be.disabled');\nreturn;\nhomePage.getShopTab().click();\nthis.data.productName.forEach(function (el) {\n  cy.selectProduct(el);\n});\nproductPage.checkoutButton().click();\nlet sum = 0;\ncy.get('tr td:nth-child(4) strong').each(($el, index, $list) => {\n  const amount = $el.text();\n  let res = amount.split(\" \");\n  res = res[1].trim();\n  sum += Number(res);\n}).then(function () {\n  cy.log(sum);\n});\ncy.get('h3 strong').then(function (element) {\n  const amount = element.text();\n  let res = amount.split(\" \");\n  let total = res[1].trim();\n  expect(Number(total)).to.equal(sum);\n});\ncy.contains('Checkout').click();\ncy.get('#country').type('India');\ncy.get('.suggestions > ul > li > a').click();\ncy.get('#checkbox2').click({\n  force: true\n});\ncy.get('input[type=\"submit\"]').click(); // cy.get('.alert ').should('have.text', 'Success! Thank you! Your order will be delivered in next few weeks :-).')\ncy.get('.alert ').then(function (element) {\n  const actualText = element.text();\n  expect(actualText.includes(\"Success!\")).to.be.true;\n});",
              "err": {},
              "uuid": "42922dc7-ba65-41ac-8f06-dcea286b21b7",
              "parentUUID": "32cdb4f9-f98a-4a4d-9110-3b31dcf4ffe2",
              "isHook": false,
              "skipped": false
            }
          ],
          "suites": [],
          "passes": [
            "42922dc7-ba65-41ac-8f06-dcea286b21b7"
          ],
          "failures": [],
          "pending": [],
          "skipped": [],
          "duration": 2757,
          "root": false,
          "rootEmpty": false,
          "_timeout": 2000
        }
      ],
      "passes": [],
      "failures": [],
      "pending": [],
      "skipped": [],
      "duration": 0,
      "root": true,
      "rootEmpty": true,
      "_timeout": 2000
    }
  ],
  "meta": {
    "mocha": {
      "version": "7.0.1"
    },
    "mochawesome": {
      "options": {
        "quiet": false,
        "reportFilename": "mochawesome",
        "saveHtml": true,
        "saveJson": true,
        "consoleReporter": "spec",
        "useInlineDiffs": false,
        "code": true
      },
      "version": "6.2.2"
    },
    "marge": {
      "options": null,
      "version": "5.2.0"
    }
  }
}